        -:    0:Source:../samples/NextDate.cpp
        -:    0:Graph:NextDate.gcno
        -:    0:Data:NextDate.gcda
        -:    0:Runs:1
        -:    0:Programs:1
        -:    1:/*
        -:    2:Homework #1 Part 1 NextDate
        -:    3:Name: Shu-Hao Chang (Ken Chang)
        -:    4:Student ID: 0456151
        -:    5:Date: Oct 20, 2015
        -:    6:
        -:    7:Motivation:
        -:    8:- Learn the first step to write testing code coding by using XUnit (googe testing framework)
        -:    9:- Practice boundary value, equivalence class, , edge testing, and decision table based)
        -:   10:- Practice TDD (test-driven development) by google test
        -:   11:- Practice Xunit in a practical project
        -:   12:Goal:
        -:   13:- Implement the Triangle, NextDate, Commission problems by TDD
        -:   14:- Using XUnit for writing testing code
        -:   15:- In this time, we use google testing framework
        -:   16:- Analyze boundary value, equivalence class, edge values, and decision table based
        -:   17:- writing test code using these analyses
        -:   18:*/
        -:   19:#include "NextDate.h"
        -:   20:#include <iostream>
        -:   21:#include <string>
        -:   22:using namespace std;
        -:   23:
        -:   24://determine a leap year
       18:   25:bool leapYear(int year) {
       18:   26:	if (year % 400 == 0 || (year % 4 == 0 && year % 100 != 0))
        5:   27:		return true;
        -:   28:	else 
       13:   29:		return false;
        -:   30:}
        -:   31:
       66:   32:int dayHandle(int day, int month, int year) {
       66:   33:	if(day > 31 || day <= 0 || month <= 0 || month > 12 || year < 0){
       35:   34:		return -1;
       31:   35:	}else if(month == 1 || month == 3 || month == 5 || month == 7 || month == 8 || month == 10) {
        8:   36:		if (day <= 30) {
        7:   37:			return day+1;
        -:   38:		}
        -:   39:		else {
        1:   40:			return 1;
        -:   41:		}
       23:   42:	}else if(month == 4 || month == 6 || month == 9 || month == 11) {
        6:   43:		if (day <= 29) {
        3:   44:			return day+1;
        -:   45:		}else{
        3:   46:			return 1;
        -:   47:		}
       17:   48:	}else if(month == 12) {
        8:   49:		if (day <= 30) {
        1:   50:			return day + 1;
        -:   51:		}else {
        7:   52:			return 1;
        -:   53:		}
        -:   54:	}
        9:   55:	else if(month == 2) {
        9:   56:		if (day <= 27) {
        1:   57:			return day + 1;
        -:   58:		}
        8:   59:		else if (day == 28) {
        3:   60:			if (leapYear(year)) {
        1:   61:				return 29;
        -:   62:			}else {
        2:   63:				return 1;		
        -:   64:			}
        -:   65:		}
        5:   66:		else if (day == 29) {
        4:   67:			if (leapYear(year)) {
        1:   68:				return 1;
        -:   69:			}else {
        3:   70:				cout<<"Press any key to continue"<<endl;
        -:   71:				//cin.ignore().get();
        3:   72:				return -1;
        -:   73:			}
        -:   74:		}else
        1:   75:			return -1;
        -:   76:	}
    #####:   77:}
        -:   78:
       66:   79:int monthHandle(int day, int month, int year) {
       66:   80:	if(day > 31 || day <= 0 || month <= 0 || month > 12 || year < 0){
       35:   81:		return -1;
       31:   82:	}else if(month == 1 || month == 3 || month == 5 || month == 7 || month == 8 || month == 10) {
        8:   83:		if (day <= 30) {
        7:   84:			return month;
        -:   85:		}
        -:   86:		else {
        1:   87:			return month+1;
        -:   88:		}
       23:   89:	}else if(month == 4 || month == 6 || month == 9 || month == 11) {
        6:   90:		if (day <= 29) {
        3:   91:			return month;
        -:   92:		}else {
        3:   93:			return month+1;
        -:   94:		}
       17:   95:	}else if(month == 12) {
        8:   96:		if (day <= 30) {
        1:   97:			return month;
        -:   98:		}else {
        7:   99:			return 1;	
        -:  100:		}
        -:  101:	}
        9:  102:	else if(month == 2) {
        9:  103:		if (day <= 27) {
        1:  104:			return month;
        -:  105:		}
        8:  106:		else if (day == 28) {
        3:  107:			if (leapYear(year)) {
        1:  108:				return month;
        -:  109:			}else {
        2:  110:				return 3;			
        -:  111:			}
        -:  112:		}
        5:  113:		else if (day == 29) {
        4:  114:			if (leapYear(year)) {
        1:  115:				return 3;
        -:  116:			}else {
        3:  117:				cout<<"Press any key to continue"<<endl;
        -:  118:				//cin.ignore().get();
        3:  119:				return -1;
        -:  120:			}
        -:  121:		}else
        1:  122:			return -1;
        -:  123:	}
    #####:  124:}
        -:  125:
       66:  126:int yearHandle(int day, int month, int year) {
       66:  127:	if(day > 31 || day <= 0 || month <= 0 || month > 12 || year < 0){
       35:  128:		return -1;
       31:  129:	}else if(month == 12) {
        8:  130:		if (day <= 30) 
        1:  131:			return year;
        -:  132:		else
        7:  133:			return year + 1;
        -:  134:	}
       23:  135:	else if(month == 2) {
        9:  136:		if(day <= 28){
        4:  137:			return year;
        5:  138:		}else if (day == 29) {
        4:  139:			if (!leapYear(year)) {
        3:  140:				cout<<"error"<<endl;
        -:  141:				//cin.ignore().get();
        3:  142:				return -1;
        -:  143:			}else
        1:  144:				return year;
        1:  145:		}else if(day > 29){
        1:  146:			return -1;
        -:  147:		}else
    #####:  148:			return year;
        -:  149:	}else		
       14:  150:		return year;
        3:  151:}
        -:  152:
        -:  153:/*
        -:  154:int main() {
        -:  155:	int day, month, year;
        -:  156:	int nextDay, nextMonth, nextYear; //the date, one day after the entered date
        -:  157:	//bool isDate; //does this date exist?
        -:  158:	
        -:  159:	cout << "Please enter the date, month, and year (MM DD YY): ";
        -:  160:	cin >> month >> day >> year;
        -:  161:	//if(day <= 31 && day > 0 && month > 0 && month < 13 && year >= 0)
        -:  162:	//	isDate = true;
        -:  163:	//else
        -:  164:	//	isDate = false;
        -:  165:	//if(isDate)
        -:  166:		nextDay = dayHandle(day, month, year);
        -:  167:		nextMonth = monthHandle(day, month, year);
        -:  168:		nextYear = yearHandle(day, month, year);
        -:  169:	//else
        -:  170:	//	cout<<"input error 0"<<endl;
        -:  171:	
        -:  172:	//cout << "The next date is: " << nextMonth << " " << nextDay << " " << nextYear << endl;
        -:  173:	//if(nextYear != 0 || nextMonth != 0 || nextDay != 0)
        -:  174:		cout << "The next date is: " << nextMonth << " " << nextDay << " " << nextYear << endl;
        -:  175:	//else
        -:  176:	//	cout<<"input error 1"<<endl;
        -:  177:	//cout<<"Press any key to continue"<<endl;
        -:  178:	//cin.ignore().get();
        -:  179:	//system("PAUSE");
        -:  180:	return 1;
        -:  181:}
        -:  182:*/
        -:  183:
