Build started 2015/10/26 下午 02:42:39.
     1>Project "D:\Google Drive\Classroom\軟體測試 2015 fall\Homework\Homework 1\Triangle\ConsoleApplication1.vcxproj" on node 2 (Build target(s)).
     1>ClCompile:
         C:\Program Files (x86)\Microsoft Visual Studio 14.0\VC\bin\CL.exe /c /ZI /nologo /W3 /WX- /sdl /Od /Oy- /D WIN32 /D _DEBUG /D _CONSOLE /D _UNICODE /D UNICODE /Gm /EHsc /RTC1 /MDd /GS /fp:precise /Zc:wchar_t /Zc:forScope /Zc:inline /Fo"Debug\\" /Fd"Debug\vc140.pdb" /Gd /TP /analyze- /errorReport:prompt triangleTest.cpp
         triangleTest.cpp
     1>d:\google drive\classroom\軟體測試 2015 fall\homework\homework 1\triangle\gtest-1.7.0\include\gtest\gtest.h(58): fatal error C1083: Cannot open include file: 'gtest/internal/gtest-internal.h': No such file or directory
     1>Done Building Project "D:\Google Drive\Classroom\軟體測試 2015 fall\Homework\Homework 1\Triangle\ConsoleApplication1.vcxproj" (Build target(s)) -- FAILED.

Build FAILED.

Time Elapsed 00:00:00.50
